database : connect : 49 : 01/02/2022 05:52:12 PM : INFO : connected to database: casino
__main__ : <module> : 22 : 01/02/2022 05:52:12 PM : INFO : starting...
main : <module> : 22 : 01/02/2022 05:52:12 PM : INFO : starting...
cogs.casino : __init__ : 152 : 01/02/2022 05:52:12 PM : INFO : cogs.casino Cog has initialized
cogs.error_handler : __init__ : 22 : 01/02/2022 05:52:12 PM : INFO : cogs.error_handler Cog has initialized
cogs.leveling : __init__ : 47 : 01/02/2022 05:52:12 PM : INFO : cogs.leveling Cog has initialized
cogs.user_stats : __init__ : 34 : 01/02/2022 05:52:12 PM : INFO : cogs.user_stats Cog has initialized
cogs.shop : __init__ : 36 : 01/02/2022 05:52:12 PM : INFO : cogs.shop Cog has initialized
__main__ : on_ready : 40 : 01/02/2022 05:52:15 PM : INFO : bot is started
database : connect : 49 : 01/02/2022 05:52:40 PM : INFO : connected to database: casino
__main__ : <module> : 22 : 01/02/2022 05:52:40 PM : INFO : starting...
main : <module> : 22 : 01/02/2022 05:52:40 PM : INFO : starting...
cogs.casino : __init__ : 152 : 01/02/2022 05:52:40 PM : INFO : cogs.casino Cog has initialized
cogs.error_handler : __init__ : 22 : 01/02/2022 05:52:40 PM : INFO : cogs.error_handler Cog has initialized
cogs.leveling : __init__ : 47 : 01/02/2022 05:52:40 PM : INFO : cogs.leveling Cog has initialized
cogs.user_stats : __init__ : 34 : 01/02/2022 05:52:40 PM : INFO : cogs.user_stats Cog has initialized
cogs.shop : __init__ : 36 : 01/02/2022 05:52:40 PM : INFO : cogs.shop Cog has initialized
__main__ : on_ready : 40 : 01/02/2022 05:52:43 PM : INFO : bot is started
database : connect : 49 : 01/02/2022 05:53:03 PM : INFO : connected to database: casino
__main__ : <module> : 22 : 01/02/2022 05:53:03 PM : INFO : starting...
main : <module> : 22 : 01/02/2022 05:53:03 PM : INFO : starting...
cogs.casino : __init__ : 152 : 01/02/2022 05:53:03 PM : INFO : cogs.casino Cog has initialized
cogs.error_handler : __init__ : 22 : 01/02/2022 05:53:03 PM : INFO : cogs.error_handler Cog has initialized
cogs.leveling : __init__ : 47 : 01/02/2022 05:53:03 PM : INFO : cogs.leveling Cog has initialized
cogs.user_stats : __init__ : 34 : 01/02/2022 05:53:03 PM : INFO : cogs.user_stats Cog has initialized
cogs.shop : __init__ : 36 : 01/02/2022 05:53:03 PM : INFO : cogs.shop Cog has initialized
__main__ : on_ready : 40 : 01/02/2022 05:53:06 PM : INFO : bot is started
database : connect : 49 : 01/02/2022 05:53:31 PM : INFO : connected to database: casino
__main__ : <module> : 22 : 01/02/2022 05:53:31 PM : INFO : starting...
main : <module> : 22 : 01/02/2022 05:53:31 PM : INFO : starting...
cogs.casino : __init__ : 152 : 01/02/2022 05:53:31 PM : INFO : cogs.casino Cog has initialized
cogs.error_handler : __init__ : 22 : 01/02/2022 05:53:31 PM : INFO : cogs.error_handler Cog has initialized
cogs.leveling : __init__ : 47 : 01/02/2022 05:53:31 PM : INFO : cogs.leveling Cog has initialized
cogs.user_stats : __init__ : 34 : 01/02/2022 05:53:31 PM : INFO : cogs.user_stats Cog has initialized
cogs.shop : __init__ : 36 : 01/02/2022 05:53:31 PM : INFO : cogs.shop Cog has initialized
__main__ : on_ready : 40 : 01/02/2022 05:53:34 PM : INFO : bot is started
database : connect : 49 : 01/02/2022 05:53:56 PM : INFO : connected to database: casino
__main__ : <module> : 22 : 01/02/2022 05:53:56 PM : INFO : starting...
main : <module> : 22 : 01/02/2022 05:53:56 PM : INFO : starting...
cogs.casino : __init__ : 152 : 01/02/2022 05:53:56 PM : INFO : cogs.casino Cog has initialized
cogs.error_handler : __init__ : 22 : 01/02/2022 05:53:56 PM : INFO : cogs.error_handler Cog has initialized
cogs.leveling : __init__ : 47 : 01/02/2022 05:53:56 PM : INFO : cogs.leveling Cog has initialized
cogs.user_stats : __init__ : 34 : 01/02/2022 05:53:56 PM : INFO : cogs.user_stats Cog has initialized
cogs.shop : __init__ : 36 : 01/02/2022 05:53:56 PM : INFO : cogs.shop Cog has initialized
__main__ : on_ready : 40 : 01/02/2022 05:53:59 PM : INFO : bot is started
database : connect : 49 : 01/02/2022 05:54:43 PM : INFO : connected to database: casino_sharded
__main__ : <module> : 22 : 01/02/2022 05:54:43 PM : INFO : starting...
main : <module> : 22 : 01/02/2022 05:54:43 PM : INFO : starting...
cogs.casino : __init__ : 152 : 01/02/2022 05:54:43 PM : INFO : cogs.casino Cog has initialized
cogs.error_handler : __init__ : 22 : 01/02/2022 05:54:43 PM : INFO : cogs.error_handler Cog has initialized
cogs.leveling : __init__ : 47 : 01/02/2022 05:54:43 PM : INFO : cogs.leveling Cog has initialized
cogs.user_stats : __init__ : 34 : 01/02/2022 05:54:43 PM : INFO : cogs.user_stats Cog has initialized
cogs.shop : __init__ : 36 : 01/02/2022 05:54:43 PM : INFO : cogs.shop Cog has initialized
__main__ : on_ready : 40 : 01/02/2022 05:54:46 PM : INFO : bot is started
database : connect : 49 : 01/02/2022 06:00:30 PM : INFO : connected to database: casino_sharded
__main__ : <module> : 22 : 01/02/2022 06:00:30 PM : INFO : starting...
main : <module> : 22 : 01/02/2022 06:00:30 PM : INFO : starting...
cogs.casino : __init__ : 152 : 01/02/2022 06:00:30 PM : INFO : cogs.casino Cog has initialized
cogs.error_handler : __init__ : 22 : 01/02/2022 06:00:30 PM : INFO : cogs.error_handler Cog has initialized
cogs.leveling : __init__ : 47 : 01/02/2022 06:00:30 PM : INFO : cogs.leveling Cog has initialized
cogs.user_stats : __init__ : 34 : 01/02/2022 06:00:30 PM : INFO : cogs.user_stats Cog has initialized
cogs.shop : __init__ : 36 : 01/02/2022 06:00:30 PM : INFO : cogs.shop Cog has initialized
__main__ : on_ready : 40 : 01/02/2022 06:00:33 PM : INFO : bot is started
cogs.error_handler : on_command_error : 70 : 01/02/2022 06:00:35 PM : WARNING : errors.CommandInvokeError
database : connect : 49 : 01/02/2022 06:00:55 PM : INFO : connected to database: casino_sharded
__main__ : <module> : 22 : 01/02/2022 06:00:55 PM : INFO : starting...
main : <module> : 22 : 01/02/2022 06:00:55 PM : INFO : starting...
cogs.casino : __init__ : 152 : 01/02/2022 06:00:55 PM : INFO : cogs.casino Cog has initialized
cogs.error_handler : __init__ : 22 : 01/02/2022 06:00:55 PM : INFO : cogs.error_handler Cog has initialized
cogs.leveling : __init__ : 47 : 01/02/2022 06:00:55 PM : INFO : cogs.leveling Cog has initialized
cogs.user_stats : __init__ : 34 : 01/02/2022 06:00:55 PM : INFO : cogs.user_stats Cog has initialized
cogs.shop : __init__ : 36 : 01/02/2022 06:00:55 PM : INFO : cogs.shop Cog has initialized
__main__ : on_ready : 40 : 01/02/2022 06:00:58 PM : INFO : bot is started
database : connect : 51 : 01/02/2022 06:02:44 PM : INFO : connected to database: casino_sharded
__main__ : <module> : 22 : 01/02/2022 06:02:44 PM : INFO : starting...
main : <module> : 22 : 01/02/2022 06:02:44 PM : INFO : starting...
cogs.casino : __init__ : 152 : 01/02/2022 06:02:44 PM : INFO : cogs.casino Cog has initialized
cogs.error_handler : __init__ : 22 : 01/02/2022 06:02:44 PM : INFO : cogs.error_handler Cog has initialized
cogs.leveling : __init__ : 47 : 01/02/2022 06:02:44 PM : INFO : cogs.leveling Cog has initialized
cogs.user_stats : __init__ : 34 : 01/02/2022 06:02:44 PM : INFO : cogs.user_stats Cog has initialized
cogs.shop : __init__ : 36 : 01/02/2022 06:02:44 PM : INFO : cogs.shop Cog has initialized
__main__ : on_ready : 40 : 01/02/2022 06:02:46 PM : INFO : bot is started
database : connect : 51 : 01/02/2022 06:02:59 PM : INFO : connected to database: casino_sharded
__main__ : <module> : 22 : 01/02/2022 06:02:59 PM : INFO : starting...
main : <module> : 22 : 01/02/2022 06:02:59 PM : INFO : starting...
cogs.casino : __init__ : 152 : 01/02/2022 06:02:59 PM : INFO : cogs.casino Cog has initialized
cogs.error_handler : __init__ : 22 : 01/02/2022 06:02:59 PM : INFO : cogs.error_handler Cog has initialized
cogs.leveling : __init__ : 47 : 01/02/2022 06:02:59 PM : INFO : cogs.leveling Cog has initialized
cogs.user_stats : __init__ : 34 : 01/02/2022 06:02:59 PM : INFO : cogs.user_stats Cog has initialized
cogs.shop : __init__ : 36 : 01/02/2022 06:02:59 PM : INFO : cogs.shop Cog has initialized
__main__ : on_ready : 40 : 01/02/2022 06:03:02 PM : INFO : bot is started
database : update_thread : 211 : 01/02/2022 06:03:59 PM : ERROR : object ClientSession can't be used in 'await' expression
database : connect : 49 : 01/02/2022 06:05:00 PM : INFO : connected to database: casino_sharded
__main__ : <module> : 22 : 01/02/2022 06:05:00 PM : INFO : starting...
main : <module> : 22 : 01/02/2022 06:05:00 PM : INFO : starting...
cogs.casino : __init__ : 152 : 01/02/2022 06:05:00 PM : INFO : cogs.casino Cog has initialized
cogs.error_handler : __init__ : 22 : 01/02/2022 06:05:00 PM : INFO : cogs.error_handler Cog has initialized
cogs.leveling : __init__ : 47 : 01/02/2022 06:05:00 PM : INFO : cogs.leveling Cog has initialized
cogs.user_stats : __init__ : 34 : 01/02/2022 06:05:00 PM : INFO : cogs.user_stats Cog has initialized
cogs.shop : __init__ : 36 : 01/02/2022 06:05:00 PM : INFO : cogs.shop Cog has initialized
__main__ : on_ready : 40 : 01/02/2022 06:05:03 PM : INFO : bot is started
database : connect : 49 : 01/02/2022 06:05:44 PM : INFO : connected to database: casino_sharded
__main__ : <module> : 22 : 01/02/2022 06:05:44 PM : INFO : starting...
main : <module> : 22 : 01/02/2022 06:05:44 PM : INFO : starting...
cogs.casino : __init__ : 152 : 01/02/2022 06:05:44 PM : INFO : cogs.casino Cog has initialized
cogs.error_handler : __init__ : 22 : 01/02/2022 06:05:44 PM : INFO : cogs.error_handler Cog has initialized
cogs.leveling : __init__ : 47 : 01/02/2022 06:05:44 PM : INFO : cogs.leveling Cog has initialized
cogs.user_stats : __init__ : 34 : 01/02/2022 06:05:44 PM : INFO : cogs.user_stats Cog has initialized
cogs.shop : __init__ : 36 : 01/02/2022 06:05:44 PM : INFO : cogs.shop Cog has initialized
__main__ : on_ready : 40 : 01/02/2022 06:05:47 PM : INFO : bot is started
database : connect : 50 : 01/02/2022 06:43:29 PM : INFO : connected to database: casino_sharded
__main__ : <module> : 22 : 01/02/2022 06:43:29 PM : INFO : starting...
main : <module> : 22 : 01/02/2022 06:43:29 PM : INFO : starting...
cogs.casino : __init__ : 152 : 01/02/2022 06:43:29 PM : INFO : cogs.casino Cog has initialized
cogs.error_handler : __init__ : 22 : 01/02/2022 06:43:29 PM : INFO : cogs.error_handler Cog has initialized
cogs.leveling : __init__ : 47 : 01/02/2022 06:43:29 PM : INFO : cogs.leveling Cog has initialized
cogs.user_stats : __init__ : 34 : 01/02/2022 06:43:30 PM : INFO : cogs.user_stats Cog has initialized
cogs.shop : __init__ : 36 : 01/02/2022 06:43:30 PM : INFO : cogs.shop Cog has initialized
__main__ : on_ready : 41 : 01/02/2022 06:43:32 PM : INFO : bot is started
main : on_command : 170 : 01/02/2022 06:43:37 PM : INFO : rulet
database : connect : 50 : 01/02/2022 06:45:38 PM : INFO : connected to database: casino_sharded
__main__ : <module> : 22 : 01/02/2022 06:45:38 PM : INFO : starting...
main : <module> : 22 : 01/02/2022 06:45:38 PM : INFO : starting...
cogs.casino : __init__ : 152 : 01/02/2022 06:45:38 PM : INFO : cogs.casino Cog has initialized
cogs.error_handler : __init__ : 22 : 01/02/2022 06:45:38 PM : INFO : cogs.error_handler Cog has initialized
cogs.leveling : __init__ : 47 : 01/02/2022 06:45:38 PM : INFO : cogs.leveling Cog has initialized
cogs.user_stats : __init__ : 34 : 01/02/2022 06:45:38 PM : INFO : cogs.user_stats Cog has initialized
cogs.shop : __init__ : 36 : 01/02/2022 06:45:38 PM : INFO : cogs.shop Cog has initialized
__main__ : on_ready : 41 : 01/02/2022 06:45:41 PM : INFO : bot is started
main : on_command : 170 : 01/02/2022 06:46:31 PM : INFO : pay
main : on_command : 170 : 01/02/2022 06:46:49 PM : INFO : stats
main : on_command : 170 : 01/02/2022 06:46:56 PM : INFO : give
database : connect : 50 : 01/02/2022 06:54:40 PM : INFO : connected to database: casino_sharded
__main__ : <module> : 22 : 01/02/2022 06:54:40 PM : INFO : starting...
main : <module> : 22 : 01/02/2022 06:54:40 PM : INFO : starting...
cogs.casino : __init__ : 152 : 01/02/2022 06:54:40 PM : INFO : cogs.casino Cog has initialized
cogs.error_handler : __init__ : 22 : 01/02/2022 06:54:40 PM : INFO : cogs.error_handler Cog has initialized
cogs.leveling : __init__ : 47 : 01/02/2022 06:54:40 PM : INFO : cogs.leveling Cog has initialized
cogs.user_stats : __init__ : 34 : 01/02/2022 06:54:40 PM : INFO : cogs.user_stats Cog has initialized
cogs.shop : __init__ : 36 : 01/02/2022 06:54:40 PM : INFO : cogs.shop Cog has initialized
__main__ : on_ready : 41 : 01/02/2022 06:54:43 PM : INFO : bot is started
main : on_command : 170 : 01/02/2022 06:54:59 PM : INFO : pay
database : connect : 50 : 03/02/2022 09:45:28 PM : INFO : connected to database: casino_sharded
__main__ : <module> : 22 : 03/02/2022 09:45:28 PM : INFO : starting...
main : <module> : 22 : 03/02/2022 09:45:28 PM : INFO : starting...
cogs.casino : __init__ : 152 : 03/02/2022 09:45:28 PM : INFO : cogs.casino Cog has initialized
cogs.error_handler : __init__ : 22 : 03/02/2022 09:45:28 PM : INFO : cogs.error_handler Cog has initialized
cogs.leveling : __init__ : 47 : 03/02/2022 09:45:28 PM : INFO : cogs.leveling Cog has initialized
cogs.user_stats : __init__ : 34 : 03/02/2022 09:45:29 PM : INFO : cogs.user_stats Cog has initialized
cogs.shop : __init__ : 36 : 03/02/2022 09:45:29 PM : INFO : cogs.shop Cog has initialized
__main__ : on_ready : 41 : 03/02/2022 09:45:32 PM : INFO : bot is started
database : connect : 50 : 03/02/2022 09:45:51 PM : INFO : connected to database: casino_sharded
__main__ : <module> : 22 : 03/02/2022 09:45:51 PM : INFO : starting...
main : <module> : 22 : 03/02/2022 09:45:51 PM : INFO : starting...
cogs.casino : __init__ : 152 : 03/02/2022 09:45:52 PM : INFO : cogs.casino Cog has initialized
cogs.error_handler : __init__ : 22 : 03/02/2022 09:45:52 PM : INFO : cogs.error_handler Cog has initialized
cogs.leveling : __init__ : 47 : 03/02/2022 09:45:52 PM : INFO : cogs.leveling Cog has initialized
cogs.user_stats : __init__ : 34 : 03/02/2022 09:45:52 PM : INFO : cogs.user_stats Cog has initialized
cogs.shop : __init__ : 36 : 03/02/2022 09:45:52 PM : INFO : cogs.shop Cog has initialized
__main__ : on_ready : 41 : 03/02/2022 09:45:54 PM : INFO : bot is started
database : connect : 50 : 03/02/2022 09:46:34 PM : INFO : connected to database: casino_sharded
__main__ : <module> : 22 : 03/02/2022 09:46:34 PM : INFO : starting...
main : <module> : 22 : 03/02/2022 09:46:34 PM : INFO : starting...
cogs.casino : __init__ : 152 : 03/02/2022 09:46:34 PM : INFO : cogs.casino Cog has initialized
cogs.error_handler : __init__ : 22 : 03/02/2022 09:46:34 PM : INFO : cogs.error_handler Cog has initialized
cogs.leveling : __init__ : 47 : 03/02/2022 09:46:34 PM : INFO : cogs.leveling Cog has initialized
cogs.user_stats : __init__ : 34 : 03/02/2022 09:46:34 PM : INFO : cogs.user_stats Cog has initialized
cogs.shop : __init__ : 36 : 03/02/2022 09:46:34 PM : INFO : cogs.shop Cog has initialized
__main__ : on_ready : 41 : 03/02/2022 09:46:37 PM : INFO : bot is started
database : connect : 50 : 03/02/2022 09:48:06 PM : INFO : connected to database: casino_sharded
__main__ : <module> : 22 : 03/02/2022 09:48:06 PM : INFO : starting...
main : <module> : 22 : 03/02/2022 09:48:06 PM : INFO : starting...
cogs.casino : __init__ : 152 : 03/02/2022 09:48:06 PM : INFO : cogs.casino Cog has initialized
cogs.error_handler : __init__ : 22 : 03/02/2022 09:48:06 PM : INFO : cogs.error_handler Cog has initialized
cogs.leveling : __init__ : 47 : 03/02/2022 09:48:06 PM : INFO : cogs.leveling Cog has initialized
cogs.user_stats : __init__ : 34 : 03/02/2022 09:48:06 PM : INFO : cogs.user_stats Cog has initialized
cogs.shop : __init__ : 36 : 03/02/2022 09:48:06 PM : INFO : cogs.shop Cog has initialized
database : connect : 50 : 03/02/2022 09:48:29 PM : INFO : connected to database: casino_sharded
__main__ : <module> : 22 : 03/02/2022 09:48:29 PM : INFO : starting...
main : <module> : 22 : 03/02/2022 09:48:29 PM : INFO : starting...
cogs.casino : __init__ : 152 : 03/02/2022 09:48:29 PM : INFO : cogs.casino Cog has initialized
cogs.error_handler : __init__ : 22 : 03/02/2022 09:48:29 PM : INFO : cogs.error_handler Cog has initialized
cogs.leveling : __init__ : 47 : 03/02/2022 09:48:29 PM : INFO : cogs.leveling Cog has initialized
cogs.user_stats : __init__ : 34 : 03/02/2022 09:48:29 PM : INFO : cogs.user_stats Cog has initialized
cogs.shop : __init__ : 36 : 03/02/2022 09:48:29 PM : INFO : cogs.shop Cog has initialized
database : connect : 50 : 03/02/2022 09:48:53 PM : INFO : connected to database: casino_sharded
__main__ : <module> : 22 : 03/02/2022 09:48:53 PM : INFO : starting...
main : <module> : 22 : 03/02/2022 09:48:53 PM : INFO : starting...
cogs.casino : __init__ : 152 : 03/02/2022 09:48:53 PM : INFO : cogs.casino Cog has initialized
cogs.error_handler : __init__ : 22 : 03/02/2022 09:48:53 PM : INFO : cogs.error_handler Cog has initialized
cogs.leveling : __init__ : 47 : 03/02/2022 09:48:53 PM : INFO : cogs.leveling Cog has initialized
cogs.user_stats : __init__ : 34 : 03/02/2022 09:48:53 PM : INFO : cogs.user_stats Cog has initialized
cogs.shop : __init__ : 36 : 03/02/2022 09:48:53 PM : INFO : cogs.shop Cog has initialized
__main__ : on_ready : 42 : 03/02/2022 09:48:56 PM : INFO : bot is started
database : connect : 50 : 03/02/2022 09:58:35 PM : INFO : connected to database: casino_sharded
__main__ : <module> : 22 : 03/02/2022 09:58:35 PM : INFO : starting...
main : <module> : 22 : 03/02/2022 09:58:35 PM : INFO : starting...
cogs.casino : __init__ : 152 : 03/02/2022 09:58:35 PM : INFO : cogs.casino Cog has initialized
cogs.error_handler : __init__ : 22 : 03/02/2022 09:58:35 PM : INFO : cogs.error_handler Cog has initialized
cogs.leveling : __init__ : 47 : 03/02/2022 09:58:35 PM : INFO : cogs.leveling Cog has initialized
cogs.user_stats : __init__ : 34 : 03/02/2022 09:58:35 PM : INFO : cogs.user_stats Cog has initialized
cogs.shop : __init__ : 36 : 03/02/2022 09:58:35 PM : INFO : cogs.shop Cog has initialized
database : connect : 50 : 03/02/2022 09:58:58 PM : INFO : connected to database: casino_sharded
__main__ : <module> : 22 : 03/02/2022 09:58:58 PM : INFO : starting...
main : <module> : 22 : 03/02/2022 09:58:58 PM : INFO : starting...
cogs.casino : __init__ : 152 : 03/02/2022 09:58:58 PM : INFO : cogs.casino Cog has initialized
cogs.error_handler : __init__ : 22 : 03/02/2022 09:58:58 PM : INFO : cogs.error_handler Cog has initialized
cogs.leveling : __init__ : 47 : 03/02/2022 09:58:58 PM : INFO : cogs.leveling Cog has initialized
cogs.user_stats : __init__ : 34 : 03/02/2022 09:58:58 PM : INFO : cogs.user_stats Cog has initialized
cogs.shop : __init__ : 36 : 03/02/2022 09:58:58 PM : INFO : cogs.shop Cog has initialized
__main__ : on_ready : 41 : 03/02/2022 09:59:01 PM : INFO : bot is started
main : on_command : 170 : 03/02/2022 09:59:33 PM : INFO : pay
database : update_thread : 214 : 03/02/2022 09:59:34 PM : ERROR : MotorCollection object is not callable. If you meant to call the 'shard90.update_user' method on a MotorCollection object it is failing because no such method exists.
database : connect : 50 : 03/02/2022 10:00:36 PM : INFO : connected to database: casino_sharded
__main__ : <module> : 22 : 03/02/2022 10:00:36 PM : INFO : starting...
main : <module> : 22 : 03/02/2022 10:00:36 PM : INFO : starting...
cogs.casino : __init__ : 152 : 03/02/2022 10:00:36 PM : INFO : cogs.casino Cog has initialized
cogs.error_handler : __init__ : 22 : 03/02/2022 10:00:36 PM : INFO : cogs.error_handler Cog has initialized
cogs.leveling : __init__ : 47 : 03/02/2022 10:00:36 PM : INFO : cogs.leveling Cog has initialized
cogs.user_stats : __init__ : 34 : 03/02/2022 10:00:36 PM : INFO : cogs.user_stats Cog has initialized
cogs.shop : __init__ : 36 : 03/02/2022 10:00:36 PM : INFO : cogs.shop Cog has initialized
__main__ : on_ready : 41 : 03/02/2022 10:00:40 PM : INFO : bot is started
main : on_command : 170 : 03/02/2022 10:00:58 PM : INFO : pay
database : connect : 50 : 03/02/2022 10:03:05 PM : INFO : connected to database: casino_sharded
__main__ : <module> : 22 : 03/02/2022 10:03:05 PM : INFO : starting...
main : <module> : 22 : 03/02/2022 10:03:05 PM : INFO : starting...
cogs.casino : __init__ : 152 : 03/02/2022 10:03:05 PM : INFO : cogs.casino Cog has initialized
cogs.error_handler : __init__ : 22 : 03/02/2022 10:03:05 PM : INFO : cogs.error_handler Cog has initialized
cogs.leveling : __init__ : 47 : 03/02/2022 10:03:05 PM : INFO : cogs.leveling Cog has initialized
cogs.user_stats : __init__ : 34 : 03/02/2022 10:03:05 PM : INFO : cogs.user_stats Cog has initialized
cogs.shop : __init__ : 36 : 03/02/2022 10:03:05 PM : INFO : cogs.shop Cog has initialized
__main__ : on_ready : 41 : 03/02/2022 10:03:08 PM : INFO : bot is started
database : connect : 50 : 03/02/2022 10:08:16 PM : INFO : connected to database: casino_sharded
__main__ : <module> : 22 : 03/02/2022 10:08:16 PM : INFO : starting...
main : <module> : 22 : 03/02/2022 10:08:16 PM : INFO : starting...
cogs.casino : __init__ : 152 : 03/02/2022 10:08:16 PM : INFO : cogs.casino Cog has initialized
cogs.error_handler : __init__ : 22 : 03/02/2022 10:08:16 PM : INFO : cogs.error_handler Cog has initialized
cogs.leveling : __init__ : 47 : 03/02/2022 10:08:16 PM : INFO : cogs.leveling Cog has initialized
cogs.user_stats : __init__ : 34 : 03/02/2022 10:08:16 PM : INFO : cogs.user_stats Cog has initialized
cogs.shop : __init__ : 36 : 03/02/2022 10:08:16 PM : INFO : cogs.shop Cog has initialized
__main__ : on_ready : 41 : 03/02/2022 10:08:19 PM : INFO : bot is started
database : connect : 50 : 03/02/2022 10:10:01 PM : INFO : connected to database: casino_sharded
__main__ : <module> : 22 : 03/02/2022 10:10:01 PM : INFO : starting...
main : <module> : 22 : 03/02/2022 10:10:01 PM : INFO : starting...
cogs.casino : __init__ : 152 : 03/02/2022 10:10:01 PM : INFO : cogs.casino Cog has initialized
cogs.error_handler : __init__ : 22 : 03/02/2022 10:10:01 PM : INFO : cogs.error_handler Cog has initialized
cogs.leveling : __init__ : 47 : 03/02/2022 10:10:01 PM : INFO : cogs.leveling Cog has initialized
cogs.user_stats : __init__ : 34 : 03/02/2022 10:10:01 PM : INFO : cogs.user_stats Cog has initialized
cogs.shop : __init__ : 36 : 03/02/2022 10:10:01 PM : INFO : cogs.shop Cog has initialized
__main__ : on_ready : 41 : 03/02/2022 10:10:04 PM : INFO : bot is started
database : connect : 50 : 03/02/2022 10:10:29 PM : INFO : connected to database: casino_sharded
__main__ : <module> : 22 : 03/02/2022 10:10:29 PM : INFO : starting...
main : <module> : 22 : 03/02/2022 10:10:29 PM : INFO : starting...
cogs.casino : __init__ : 152 : 03/02/2022 10:10:29 PM : INFO : cogs.casino Cog has initialized
cogs.error_handler : __init__ : 22 : 03/02/2022 10:10:29 PM : INFO : cogs.error_handler Cog has initialized
cogs.leveling : __init__ : 47 : 03/02/2022 10:10:29 PM : INFO : cogs.leveling Cog has initialized
cogs.user_stats : __init__ : 34 : 03/02/2022 10:10:29 PM : INFO : cogs.user_stats Cog has initialized
cogs.shop : __init__ : 36 : 03/02/2022 10:10:29 PM : INFO : cogs.shop Cog has initialized
__main__ : on_ready : 41 : 03/02/2022 10:10:32 PM : INFO : bot is started
database : connect : 50 : 03/02/2022 10:10:46 PM : INFO : connected to database: casino_sharded
__main__ : <module> : 22 : 03/02/2022 10:10:46 PM : INFO : starting...
main : <module> : 22 : 03/02/2022 10:10:46 PM : INFO : starting...
cogs.casino : __init__ : 152 : 03/02/2022 10:10:46 PM : INFO : cogs.casino Cog has initialized
cogs.error_handler : __init__ : 22 : 03/02/2022 10:10:46 PM : INFO : cogs.error_handler Cog has initialized
cogs.leveling : __init__ : 47 : 03/02/2022 10:10:46 PM : INFO : cogs.leveling Cog has initialized
cogs.user_stats : __init__ : 34 : 03/02/2022 10:10:46 PM : INFO : cogs.user_stats Cog has initialized
cogs.shop : __init__ : 36 : 03/02/2022 10:10:46 PM : INFO : cogs.shop Cog has initialized
__main__ : on_ready : 41 : 03/02/2022 10:10:50 PM : INFO : bot is started
database : connect : 50 : 03/02/2022 10:11:19 PM : INFO : connected to database: casino_sharded
__main__ : <module> : 22 : 03/02/2022 10:11:19 PM : INFO : starting...
main : <module> : 22 : 03/02/2022 10:11:19 PM : INFO : starting...
cogs.casino : __init__ : 152 : 03/02/2022 10:11:19 PM : INFO : cogs.casino Cog has initialized
cogs.error_handler : __init__ : 22 : 03/02/2022 10:11:19 PM : INFO : cogs.error_handler Cog has initialized
cogs.leveling : __init__ : 47 : 03/02/2022 10:11:19 PM : INFO : cogs.leveling Cog has initialized
cogs.user_stats : __init__ : 34 : 03/02/2022 10:11:19 PM : INFO : cogs.user_stats Cog has initialized
cogs.shop : __init__ : 36 : 03/02/2022 10:11:19 PM : INFO : cogs.shop Cog has initialized
__main__ : on_ready : 41 : 03/02/2022 10:11:22 PM : INFO : bot is started
database : connect : 50 : 03/02/2022 10:11:49 PM : INFO : connected to database: casino_sharded
__main__ : <module> : 22 : 03/02/2022 10:11:49 PM : INFO : starting...
main : <module> : 22 : 03/02/2022 10:11:49 PM : INFO : starting...
cogs.casino : __init__ : 152 : 03/02/2022 10:11:49 PM : INFO : cogs.casino Cog has initialized
cogs.error_handler : __init__ : 22 : 03/02/2022 10:11:49 PM : INFO : cogs.error_handler Cog has initialized
cogs.leveling : __init__ : 47 : 03/02/2022 10:11:49 PM : INFO : cogs.leveling Cog has initialized
cogs.user_stats : __init__ : 34 : 03/02/2022 10:11:49 PM : INFO : cogs.user_stats Cog has initialized
cogs.shop : __init__ : 36 : 03/02/2022 10:11:49 PM : INFO : cogs.shop Cog has initialized
__main__ : on_ready : 41 : 03/02/2022 10:11:52 PM : INFO : bot is started
database : connect : 52 : 03/02/2022 10:13:42 PM : INFO : connected to database: casino
__main__ : <module> : 22 : 03/02/2022 10:13:42 PM : INFO : starting...
main : <module> : 22 : 03/02/2022 10:13:42 PM : INFO : starting...
cogs.casino : __init__ : 152 : 03/02/2022 10:13:42 PM : INFO : cogs.casino Cog has initialized
cogs.error_handler : __init__ : 22 : 03/02/2022 10:13:42 PM : INFO : cogs.error_handler Cog has initialized
cogs.leveling : __init__ : 47 : 03/02/2022 10:13:42 PM : INFO : cogs.leveling Cog has initialized
cogs.user_stats : __init__ : 34 : 03/02/2022 10:13:42 PM : INFO : cogs.user_stats Cog has initialized
cogs.shop : __init__ : 36 : 03/02/2022 10:13:42 PM : INFO : cogs.shop Cog has initialized
__main__ : on_ready : 41 : 03/02/2022 10:13:45 PM : INFO : bot is started
database : connect : 52 : 03/02/2022 10:14:54 PM : INFO : connected to database: casino
database : connect : 52 : 03/02/2022 10:14:54 PM : INFO : connected to database: casino_sharded
__main__ : <module> : 22 : 03/02/2022 10:14:54 PM : INFO : starting...
main : <module> : 22 : 03/02/2022 10:14:54 PM : INFO : starting...
cogs.casino : __init__ : 152 : 03/02/2022 10:14:54 PM : INFO : cogs.casino Cog has initialized
cogs.error_handler : __init__ : 22 : 03/02/2022 10:14:54 PM : INFO : cogs.error_handler Cog has initialized
cogs.leveling : __init__ : 47 : 03/02/2022 10:14:54 PM : INFO : cogs.leveling Cog has initialized
cogs.user_stats : __init__ : 34 : 03/02/2022 10:14:54 PM : INFO : cogs.user_stats Cog has initialized
cogs.shop : __init__ : 36 : 03/02/2022 10:14:54 PM : INFO : cogs.shop Cog has initialized
__main__ : on_ready : 41 : 03/02/2022 10:14:57 PM : INFO : bot is started
database : connect : 52 : 03/02/2022 10:22:42 PM : INFO : connected to database: casino
database : connect : 52 : 03/02/2022 10:22:43 PM : INFO : connected to database: casino_sharded
__main__ : <module> : 22 : 03/02/2022 10:22:43 PM : INFO : starting...
main : <module> : 22 : 03/02/2022 10:22:43 PM : INFO : starting...
cogs.casino : __init__ : 152 : 03/02/2022 10:22:43 PM : INFO : cogs.casino Cog has initialized
cogs.error_handler : __init__ : 22 : 03/02/2022 10:22:43 PM : INFO : cogs.error_handler Cog has initialized
cogs.leveling : __init__ : 47 : 03/02/2022 10:22:43 PM : INFO : cogs.leveling Cog has initialized
cogs.user_stats : __init__ : 34 : 03/02/2022 10:22:43 PM : INFO : cogs.user_stats Cog has initialized
cogs.shop : __init__ : 36 : 03/02/2022 10:22:43 PM : INFO : cogs.shop Cog has initialized
__main__ : on_ready : 41 : 03/02/2022 10:22:46 PM : INFO : bot is started
database : connect : 52 : 03/02/2022 10:23:24 PM : INFO : connected to database: casino
database : connect : 52 : 03/02/2022 10:23:24 PM : INFO : connected to database: casino_sharded
__main__ : <module> : 22 : 03/02/2022 10:23:24 PM : INFO : starting...
main : <module> : 22 : 03/02/2022 10:23:24 PM : INFO : starting...
cogs.casino : __init__ : 152 : 03/02/2022 10:23:24 PM : INFO : cogs.casino Cog has initialized
cogs.error_handler : __init__ : 22 : 03/02/2022 10:23:24 PM : INFO : cogs.error_handler Cog has initialized
cogs.leveling : __init__ : 47 : 03/02/2022 10:23:24 PM : INFO : cogs.leveling Cog has initialized
cogs.user_stats : __init__ : 34 : 03/02/2022 10:23:24 PM : INFO : cogs.user_stats Cog has initialized
cogs.shop : __init__ : 36 : 03/02/2022 10:23:24 PM : INFO : cogs.shop Cog has initialized
__main__ : on_ready : 41 : 03/02/2022 10:23:27 PM : INFO : bot is started
database : connect : 52 : 03/02/2022 10:24:15 PM : INFO : connected to database: casino
database : connect : 52 : 03/02/2022 10:24:15 PM : INFO : connected to database: casino_sharded
__main__ : <module> : 22 : 03/02/2022 10:24:15 PM : INFO : starting...
main : <module> : 22 : 03/02/2022 10:24:15 PM : INFO : starting...
cogs.casino : __init__ : 152 : 03/02/2022 10:24:15 PM : INFO : cogs.casino Cog has initialized
cogs.error_handler : __init__ : 22 : 03/02/2022 10:24:15 PM : INFO : cogs.error_handler Cog has initialized
cogs.leveling : __init__ : 47 : 03/02/2022 10:24:15 PM : INFO : cogs.leveling Cog has initialized
cogs.user_stats : __init__ : 34 : 03/02/2022 10:24:15 PM : INFO : cogs.user_stats Cog has initialized
cogs.shop : __init__ : 36 : 03/02/2022 10:24:15 PM : INFO : cogs.shop Cog has initialized
__main__ : on_ready : 41 : 03/02/2022 10:24:18 PM : INFO : bot is started
database : connect : 52 : 03/02/2022 10:24:35 PM : INFO : connected to database: casino
database : connect : 52 : 03/02/2022 10:24:36 PM : INFO : connected to database: casino_sharded
__main__ : <module> : 22 : 03/02/2022 10:24:36 PM : INFO : starting...
main : <module> : 22 : 03/02/2022 10:24:36 PM : INFO : starting...
cogs.casino : __init__ : 152 : 03/02/2022 10:24:36 PM : INFO : cogs.casino Cog has initialized
cogs.error_handler : __init__ : 22 : 03/02/2022 10:24:36 PM : INFO : cogs.error_handler Cog has initialized
cogs.leveling : __init__ : 47 : 03/02/2022 10:24:36 PM : INFO : cogs.leveling Cog has initialized
cogs.user_stats : __init__ : 34 : 03/02/2022 10:24:36 PM : INFO : cogs.user_stats Cog has initialized
cogs.shop : __init__ : 36 : 03/02/2022 10:24:36 PM : INFO : cogs.shop Cog has initialized
__main__ : on_ready : 41 : 03/02/2022 10:24:38 PM : INFO : bot is started
database : connect : 52 : 03/02/2022 10:25:13 PM : INFO : connected to database: casino
database : connect : 52 : 03/02/2022 10:25:14 PM : INFO : connected to database: casino_sharded
__main__ : <module> : 22 : 03/02/2022 10:25:14 PM : INFO : starting...
main : <module> : 22 : 03/02/2022 10:25:14 PM : INFO : starting...
cogs.casino : __init__ : 152 : 03/02/2022 10:25:14 PM : INFO : cogs.casino Cog has initialized
cogs.error_handler : __init__ : 22 : 03/02/2022 10:25:14 PM : INFO : cogs.error_handler Cog has initialized
cogs.leveling : __init__ : 47 : 03/02/2022 10:25:14 PM : INFO : cogs.leveling Cog has initialized
cogs.user_stats : __init__ : 34 : 03/02/2022 10:25:14 PM : INFO : cogs.user_stats Cog has initialized
cogs.shop : __init__ : 36 : 03/02/2022 10:25:14 PM : INFO : cogs.shop Cog has initialized
__main__ : on_ready : 41 : 03/02/2022 10:25:17 PM : INFO : bot is started
main : on_command : 170 : 03/02/2022 10:25:49 PM : INFO : market
database : connect : 52 : 03/02/2022 10:26:42 PM : INFO : connected to database: casino
database : connect : 52 : 03/02/2022 10:26:42 PM : INFO : connected to database: casino_sharded
__main__ : <module> : 22 : 03/02/2022 10:26:42 PM : INFO : starting...
main : <module> : 22 : 03/02/2022 10:26:42 PM : INFO : starting...
cogs.casino : __init__ : 152 : 03/02/2022 10:26:42 PM : INFO : cogs.casino Cog has initialized
cogs.error_handler : __init__ : 22 : 03/02/2022 10:26:42 PM : INFO : cogs.error_handler Cog has initialized
cogs.leveling : __init__ : 47 : 03/02/2022 10:26:42 PM : INFO : cogs.leveling Cog has initialized
cogs.user_stats : __init__ : 34 : 03/02/2022 10:26:42 PM : INFO : cogs.user_stats Cog has initialized
cogs.shop : __init__ : 36 : 03/02/2022 10:26:42 PM : INFO : cogs.shop Cog has initialized
__main__ : on_ready : 41 : 03/02/2022 10:26:45 PM : INFO : bot is started
database : connect : 52 : 03/02/2022 10:26:55 PM : INFO : connected to database: casino
database : connect : 52 : 03/02/2022 10:26:55 PM : INFO : connected to database: casino_sharded
__main__ : <module> : 22 : 03/02/2022 10:26:55 PM : INFO : starting...
main : <module> : 22 : 03/02/2022 10:26:55 PM : INFO : starting...
cogs.casino : __init__ : 152 : 03/02/2022 10:26:55 PM : INFO : cogs.casino Cog has initialized
cogs.error_handler : __init__ : 22 : 03/02/2022 10:26:55 PM : INFO : cogs.error_handler Cog has initialized
cogs.leveling : __init__ : 47 : 03/02/2022 10:26:55 PM : INFO : cogs.leveling Cog has initialized
cogs.user_stats : __init__ : 34 : 03/02/2022 10:26:55 PM : INFO : cogs.user_stats Cog has initialized
cogs.shop : __init__ : 36 : 03/02/2022 10:26:55 PM : INFO : cogs.shop Cog has initialized
main : on_command : 170 : 03/02/2022 10:26:58 PM : INFO : market
__main__ : on_ready : 41 : 03/02/2022 10:26:58 PM : INFO : bot is started
database : connect : 52 : 03/02/2022 10:31:27 PM : INFO : connected to database: casino
database : connect : 52 : 03/02/2022 10:31:27 PM : INFO : connected to database: casino_sharded
__main__ : <module> : 22 : 03/02/2022 10:31:27 PM : INFO : starting...
main : <module> : 22 : 03/02/2022 10:31:27 PM : INFO : starting...
cogs.casino : __init__ : 152 : 03/02/2022 10:31:27 PM : INFO : cogs.casino Cog has initialized
cogs.error_handler : __init__ : 22 : 03/02/2022 10:31:27 PM : INFO : cogs.error_handler Cog has initialized
cogs.leveling : __init__ : 47 : 03/02/2022 10:31:27 PM : INFO : cogs.leveling Cog has initialized
cogs.user_stats : __init__ : 34 : 03/02/2022 10:31:27 PM : INFO : cogs.user_stats Cog has initialized
cogs.shop : __init__ : 36 : 03/02/2022 10:31:27 PM : INFO : cogs.shop Cog has initialized
__main__ : on_ready : 41 : 03/02/2022 10:31:30 PM : INFO : bot is started
database : connect : 52 : 03/02/2022 10:31:58 PM : INFO : connected to database: casino
database : connect : 52 : 03/02/2022 10:31:58 PM : INFO : connected to database: casino_sharded
__main__ : <module> : 22 : 03/02/2022 10:31:58 PM : INFO : starting...
main : <module> : 22 : 03/02/2022 10:31:58 PM : INFO : starting...
cogs.casino : __init__ : 152 : 03/02/2022 10:31:58 PM : INFO : cogs.casino Cog has initialized
cogs.error_handler : __init__ : 22 : 03/02/2022 10:31:58 PM : INFO : cogs.error_handler Cog has initialized
cogs.leveling : __init__ : 47 : 03/02/2022 10:31:58 PM : INFO : cogs.leveling Cog has initialized
cogs.user_stats : __init__ : 34 : 03/02/2022 10:31:58 PM : INFO : cogs.user_stats Cog has initialized
cogs.shop : __init__ : 36 : 03/02/2022 10:31:58 PM : INFO : cogs.shop Cog has initialized
__main__ : on_ready : 41 : 03/02/2022 10:32:01 PM : INFO : bot is started
database : connect : 52 : 03/02/2022 10:32:39 PM : INFO : connected to database: casino
database : connect : 52 : 03/02/2022 10:32:39 PM : INFO : connected to database: casino_sharded
__main__ : <module> : 22 : 03/02/2022 10:32:39 PM : INFO : starting...
main : <module> : 22 : 03/02/2022 10:32:39 PM : INFO : starting...
cogs.casino : __init__ : 152 : 03/02/2022 10:32:39 PM : INFO : cogs.casino Cog has initialized
cogs.error_handler : __init__ : 22 : 03/02/2022 10:32:39 PM : INFO : cogs.error_handler Cog has initialized
cogs.leveling : __init__ : 47 : 03/02/2022 10:32:39 PM : INFO : cogs.leveling Cog has initialized
cogs.user_stats : __init__ : 34 : 03/02/2022 10:32:39 PM : INFO : cogs.user_stats Cog has initialized
cogs.shop : __init__ : 36 : 03/02/2022 10:32:39 PM : INFO : cogs.shop Cog has initialized
__main__ : on_ready : 41 : 03/02/2022 10:32:42 PM : INFO : bot is started
database : connect : 52 : 03/02/2022 10:33:30 PM : INFO : connected to database: casino
database : connect : 52 : 03/02/2022 10:33:30 PM : INFO : connected to database: casino_sharded
__main__ : <module> : 22 : 03/02/2022 10:33:30 PM : INFO : starting...
main : <module> : 22 : 03/02/2022 10:33:31 PM : INFO : starting...
cogs.casino : __init__ : 152 : 03/02/2022 10:33:31 PM : INFO : cogs.casino Cog has initialized
cogs.error_handler : __init__ : 22 : 03/02/2022 10:33:31 PM : INFO : cogs.error_handler Cog has initialized
cogs.leveling : __init__ : 47 : 03/02/2022 10:33:31 PM : INFO : cogs.leveling Cog has initialized
cogs.user_stats : __init__ : 34 : 03/02/2022 10:33:31 PM : INFO : cogs.user_stats Cog has initialized
cogs.shop : __init__ : 36 : 03/02/2022 10:33:31 PM : INFO : cogs.shop Cog has initialized
__main__ : on_ready : 41 : 03/02/2022 10:33:34 PM : INFO : bot is started
database : connect : 52 : 03/02/2022 10:35:02 PM : INFO : connected to database: casino
database : connect : 52 : 03/02/2022 10:35:03 PM : INFO : connected to database: casino_sharded
__main__ : <module> : 22 : 03/02/2022 10:35:03 PM : INFO : starting...
main : <module> : 22 : 03/02/2022 10:35:03 PM : INFO : starting...
cogs.casino : __init__ : 152 : 03/02/2022 10:35:03 PM : INFO : cogs.casino Cog has initialized
cogs.error_handler : __init__ : 22 : 03/02/2022 10:35:03 PM : INFO : cogs.error_handler Cog has initialized
cogs.leveling : __init__ : 47 : 03/02/2022 10:35:03 PM : INFO : cogs.leveling Cog has initialized
cogs.user_stats : __init__ : 34 : 03/02/2022 10:35:03 PM : INFO : cogs.user_stats Cog has initialized
cogs.shop : __init__ : 36 : 03/02/2022 10:35:03 PM : INFO : cogs.shop Cog has initialized
__main__ : on_ready : 41 : 03/02/2022 10:35:06 PM : INFO : bot is started
database : connect : 52 : 03/02/2022 10:36:20 PM : INFO : connected to database: casino
database : connect : 52 : 03/02/2022 10:36:20 PM : INFO : connected to database: casino_sharded
__main__ : <module> : 22 : 03/02/2022 10:36:20 PM : INFO : starting...
main : <module> : 22 : 03/02/2022 10:36:20 PM : INFO : starting...
cogs.casino : __init__ : 152 : 03/02/2022 10:36:20 PM : INFO : cogs.casino Cog has initialized
cogs.error_handler : __init__ : 22 : 03/02/2022 10:36:20 PM : INFO : cogs.error_handler Cog has initialized
cogs.leveling : __init__ : 47 : 03/02/2022 10:36:20 PM : INFO : cogs.leveling Cog has initialized
cogs.user_stats : __init__ : 34 : 03/02/2022 10:36:20 PM : INFO : cogs.user_stats Cog has initialized
cogs.shop : __init__ : 36 : 03/02/2022 10:36:20 PM : INFO : cogs.shop Cog has initialized
__main__ : on_ready : 41 : 03/02/2022 10:36:23 PM : INFO : bot is started
database : connect : 52 : 03/02/2022 10:39:09 PM : INFO : connected to database: casino
database : connect : 52 : 03/02/2022 10:39:09 PM : INFO : connected to database: casino_sharded
__main__ : <module> : 22 : 03/02/2022 10:39:09 PM : INFO : starting...
main : <module> : 22 : 03/02/2022 10:39:10 PM : INFO : starting...
cogs.casino : __init__ : 152 : 03/02/2022 10:39:10 PM : INFO : cogs.casino Cog has initialized
cogs.error_handler : __init__ : 22 : 03/02/2022 10:39:10 PM : INFO : cogs.error_handler Cog has initialized
cogs.leveling : __init__ : 47 : 03/02/2022 10:39:10 PM : INFO : cogs.leveling Cog has initialized
cogs.user_stats : __init__ : 34 : 03/02/2022 10:39:10 PM : INFO : cogs.user_stats Cog has initialized
cogs.shop : __init__ : 36 : 03/02/2022 10:39:10 PM : INFO : cogs.shop Cog has initialized
__main__ : on_ready : 41 : 03/02/2022 10:39:13 PM : INFO : bot is started
database : connect : 52 : 03/02/2022 10:39:29 PM : INFO : connected to database: casino
database : connect : 52 : 03/02/2022 10:39:29 PM : INFO : connected to database: casino_sharded
__main__ : <module> : 22 : 03/02/2022 10:39:29 PM : INFO : starting...
main : <module> : 22 : 03/02/2022 10:39:29 PM : INFO : starting...
cogs.casino : __init__ : 152 : 03/02/2022 10:39:29 PM : INFO : cogs.casino Cog has initialized
cogs.error_handler : __init__ : 22 : 03/02/2022 10:39:29 PM : INFO : cogs.error_handler Cog has initialized
cogs.leveling : __init__ : 47 : 03/02/2022 10:39:29 PM : INFO : cogs.leveling Cog has initialized
cogs.user_stats : __init__ : 34 : 03/02/2022 10:39:29 PM : INFO : cogs.user_stats Cog has initialized
cogs.shop : __init__ : 36 : 03/02/2022 10:39:29 PM : INFO : cogs.shop Cog has initialized
__main__ : on_ready : 41 : 03/02/2022 10:39:32 PM : INFO : bot is started
database : connect : 52 : 03/02/2022 10:42:37 PM : INFO : connected to database: casino_sharded
database : connect : 52 : 03/02/2022 10:42:54 PM : INFO : connected to database: casino_sharded
database : connect : 52 : 03/02/2022 10:42:54 PM : INFO : connected to database: casino_sharded
__main__ : <module> : 22 : 03/02/2022 10:42:54 PM : INFO : starting...
main : <module> : 22 : 03/02/2022 10:42:54 PM : INFO : starting...
cogs.casino : __init__ : 152 : 03/02/2022 10:42:54 PM : INFO : cogs.casino Cog has initialized
cogs.error_handler : __init__ : 22 : 03/02/2022 10:42:54 PM : INFO : cogs.error_handler Cog has initialized
cogs.leveling : __init__ : 47 : 03/02/2022 10:42:54 PM : INFO : cogs.leveling Cog has initialized
cogs.user_stats : __init__ : 34 : 03/02/2022 10:42:54 PM : INFO : cogs.user_stats Cog has initialized
cogs.shop : __init__ : 36 : 03/02/2022 10:42:54 PM : INFO : cogs.shop Cog has initialized
__main__ : on_ready : 41 : 03/02/2022 10:42:57 PM : INFO : bot is started
main : on_command : 170 : 03/02/2022 10:42:59 PM : INFO : stats
main : on_command : 170 : 03/02/2022 10:43:06 PM : INFO : shop
main : on_command : 170 : 03/02/2022 10:43:16 PM : INFO : shop
main : on_command : 170 : 03/02/2022 10:43:22 PM : INFO : inventory
main : on_command : 170 : 03/02/2022 10:43:33 PM : INFO : stats
main : on_command : 170 : 03/02/2022 10:43:53 PM : INFO : give
main : on_command : 170 : 03/02/2022 10:44:23 PM : INFO : give
